<?xml version="1.0" encoding="UTF-8"?>
<testng-results ignored="0" total="1" passed="1" failed="0" skipped="0">
  <reporter-output>
  </reporter-output>
  <suite started-at="2020-02-25T06:39:57Z" name="Default suite" finished-at="2020-02-25T06:40:41Z" duration-ms="43828">
    <groups>
    </groups>
    <test started-at="2020-02-25T06:39:57Z" name="Default test" finished-at="2020-02-25T06:40:41Z" duration-ms="43828">
      <class name="LoginTest.signinTest">
        <test-method is-config="true" signature="launch()[pri:0, instance:LoginTest.signinTest@6c40365c]" started-at="2020-02-25T06:39:57Z" name="launch" finished-at="2020-02-25T06:40:32Z" duration-ms="35695" status="PASS">
          <reporter-output>
          </reporter-output>
        </test-method> <!-- launch -->
        <test-method signature="sign(java.lang.String, java.lang.String)[pri:0, instance:LoginTest.signinTest@6c40365c]" started-at="2020-02-25T06:40:33Z" name="sign" data-provider="dp" finished-at="2020-02-25T06:40:36Z" duration-ms="3477" status="PASS">
          <params>
            <param index="0">
              <value>
                <![CDATA[mngr247616]]>
              </value>
            </param>
            <param index="1">
              <value>
                <![CDATA[vynEhAh]]>
              </value>
            </param>
          </params>
          <reporter-output>
          </reporter-output>
        </test-method> <!-- sign -->
        <test-method is-config="true" signature="teardown()[pri:0, instance:LoginTest.signinTest@6c40365c]" started-at="2020-02-25T06:40:36Z" name="teardown" finished-at="2020-02-25T06:40:41Z" duration-ms="4252" status="PASS">
          <reporter-output>
          </reporter-output>
        </test-method> <!-- teardown -->
      </class> <!-- LoginTest.signinTest -->
    </test> <!-- Default test -->
  </suite> <!-- Default suite -->
</testng-results>
